whatsapp/app/build/intermediates/manifest_merge_blame_file/debug/manifest-merger-blame-debug-report.txt
1<?xml version="1.0" encoding="utf-8"?>
2<manifest xmlns:android="http://schemas.android.com/apk/res/android"
3    package="com.example.whatsapp"
4    android:versionCode="1"
5    android:versionName="1.0" >
6
7    <uses-sdk
8        android:minSdkVersion="21"
8-->src\main\AndroidManifest.xml
9        android:targetSdkVersion="29" />
9-->src\main\AndroidManifest.xml
10
11    <uses-permission android:name="android.permission.INTERNET" />
11-->src\main\AndroidManifest.xml:5:5-67
11-->src\main\AndroidManifest.xml:5:22-64
12    <uses-permission android:name="android.permission.READ_EXTERNAL_STORAGE" />
12-->src\main\AndroidManifest.xml:6:5-80
12-->src\main\AndroidManifest.xml:6:22-77
13    <uses-permission android:name="android.permission.WRITE_EXTERNAL_STORAGE" />
13-->src\main\AndroidManifest.xml:7:5-81
13-->src\main\AndroidManifest.xml:7:22-78
14
15    <!-- Although the *SdkVersion is captured in gradle build files, this is required for non gradle builds -->
16    <!-- <uses-sdk android:minSdkVersion="14"/> -->
17    <uses-permission android:name="android.permission.ACCESS_NETWORK_STATE" />
17-->[com.google.firebase:firebase-database:19.2.1] AndroidManifest.xml:25:5-79
17-->[com.google.firebase:firebase-database:19.2.1] AndroidManifest.xml:25:22-76
18    <uses-permission android:name="android.permission.WAKE_LOCK" /> <!-- Required by older versions of Google Play services to create IID tokens -->
18-->[com.google.firebase:firebase-iid:20.1.5] AndroidManifest.xml:24:5-68
18-->[com.google.firebase:firebase-iid:20.1.5] AndroidManifest.xml:24:22-65
19    <uses-permission android:name="com.google.android.c2dm.permission.RECEIVE" />
19-->[com.google.firebase:firebase-iid:20.1.5] AndroidManifest.xml:26:5-82
19-->[com.google.firebase:firebase-iid:20.1.5] AndroidManifest.xml:26:22-79
20
21    <application
21-->src\main\AndroidManifest.xml:9:5-43:19
22        android:allowBackup="true"
22-->[gr.pantrif:easy-android-splash-screen:0.0.1] AndroidManifest.xml:13:9-35
23        android:appComponentFactory="androidx.core.app.CoreComponentFactory"
23-->[androidx.core:core:1.1.0] AndroidManifest.xml:24:18-86
24        android:configChanges="orientation|keyboardHidden|screenSize"
24-->[gr.pantrif:easy-android-splash-screen:0.0.1] AndroidManifest.xml:14:9-70
25        android:debuggable="true"
26        android:icon="@mipmap/ic_launcher"
26-->src\main\AndroidManifest.xml:10:9-43
27        android:label="@string/app_name"
27-->src\main\AndroidManifest.xml:11:9-41
28        android:roundIcon="@mipmap/ic_launcher_round"
28-->src\main\AndroidManifest.xml:12:9-54
29        android:supportsRtl="true"
29-->src\main\AndroidManifest.xml:13:9-35
30        android:testOnly="true"
31        android:theme="@style/AppTheme" >
31-->src\main\AndroidManifest.xml:14:9-40
32        <activity
32-->src\main\AndroidManifest.xml:16:9-18:58
33            android:name="com.example.whatsapp.ChatActivity"
33-->src\main\AndroidManifest.xml:17:13-41
34            android:parentActivityName="com.example.whatsapp.MainActivity" />
34-->src\main\AndroidManifest.xml:18:13-55
35        <activity android:name="com.example.whatsapp.ProfileActivity" />
35-->src\main\AndroidManifest.xml:19:9-53
35-->src\main\AndroidManifest.xml:19:19-50
36        <activity
36-->src\main\AndroidManifest.xml:20:9-22:58
37            android:name="com.example.whatsapp.FindFriendsActivity"
37-->src\main\AndroidManifest.xml:21:13-48
38            android:parentActivityName="com.example.whatsapp.MainActivity" />
38-->src\main\AndroidManifest.xml:22:13-55
39        <activity
39-->src\main\AndroidManifest.xml:23:9-25:59
40            android:name="com.theartofdev.edmodo.cropper.CropImageActivity"
40-->src\main\AndroidManifest.xml:24:13-76
41            android:theme="@style/Base.Theme.AppCompat" />
41-->src\main\AndroidManifest.xml:25:13-56
42        <activity android:name="com.example.whatsapp.PhoneLoginActivity" />
42-->src\main\AndroidManifest.xml:26:9-56
42-->src\main\AndroidManifest.xml:26:19-53
43        <activity android:name="com.example.whatsapp.GroupChatActivity" />
43-->src\main\AndroidManifest.xml:27:9-55
43-->src\main\AndroidManifest.xml:27:19-52
44        <activity
44-->src\main\AndroidManifest.xml:28:9-30:58
45            android:name="com.example.whatsapp.SettingsActivity"
45-->src\main\AndroidManifest.xml:29:13-45
46            android:parentActivityName="com.example.whatsapp.MainActivity" />
46-->src\main\AndroidManifest.xml:30:13-55
47        <activity android:name="com.example.whatsapp.RegisterActivity" />
47-->src\main\AndroidManifest.xml:31:9-54
47-->src\main\AndroidManifest.xml:31:19-51
48        <activity android:name="com.example.whatsapp.SplashScreen" >
48-->src\main\AndroidManifest.xml:33:9-40:20
48-->src\main\AndroidManifest.xml:33:19-47
49            <intent-filter>
49-->src\main\AndroidManifest.xml:34:13-39:29
50                <action android:name="android.intent.action.MAIN" />
50-->src\main\AndroidManifest.xml:35:17-69
50-->src\main\AndroidManifest.xml:35:25-66
51                <action android:name="com.google.firebase.MESSAGING_EVENT" />
51-->src\main\AndroidManifest.xml:36:17-78
51-->src\main\AndroidManifest.xml:36:25-75
52
53                <category android:name="android.intent.category.LAUNCHER" />
53-->src\main\AndroidManifest.xml:38:17-77
53-->src\main\AndroidManifest.xml:38:27-74
54            </intent-filter>
55        </activity>
56        <activity android:name="com.example.whatsapp.LoginActivity" />
56-->src\main\AndroidManifest.xml:41:9-51
56-->src\main\AndroidManifest.xml:41:19-48
57        <activity android:name="com.example.whatsapp.MainActivity" />
57-->src\main\AndroidManifest.xml:42:9-50
57-->src\main\AndroidManifest.xml:42:19-47
58
59        <provider
59-->[com.squareup.picasso:picasso:2.71828] AndroidManifest.xml:8:9-11:40
60            android:name="com.squareup.picasso.PicassoProvider"
60-->[com.squareup.picasso:picasso:2.71828] AndroidManifest.xml:9:13-64
61            android:authorities="com.example.whatsapp.com.squareup.picasso"
61-->[com.squareup.picasso:picasso:2.71828] AndroidManifest.xml:10:13-72
62            android:exported="false" />
62-->[com.squareup.picasso:picasso:2.71828] AndroidManifest.xml:11:13-37
63
64        <activity
64-->[com.google.firebase:firebase-auth:19.3.0] AndroidManifest.xml:24:9-31:50
65            android:name="com.google.firebase.auth.internal.FederatedSignInActivity"
65-->[com.google.firebase:firebase-auth:19.3.0] AndroidManifest.xml:25:13-85
66            android:excludeFromRecents="true"
66-->[com.google.firebase:firebase-auth:19.3.0] AndroidManifest.xml:26:13-46
67            android:exported="true"
67-->[com.google.firebase:firebase-auth:19.3.0] AndroidManifest.xml:27:13-36
68            android:launchMode="singleTask"
68-->[com.google.firebase:firebase-auth:19.3.0] AndroidManifest.xml:28:13-44
69            android:permission="com.google.firebase.auth.api.gms.permission.LAUNCH_FEDERATED_SIGN_IN"
69-->[com.google.firebase:firebase-auth:19.3.0] AndroidManifest.xml:29:13-102
70            android:theme="@android:style/Theme.Translucent.NoTitleBar" />
70-->[com.google.firebase:firebase-auth:19.3.0] AndroidManifest.xml:30:13-72
71
72        <service
72-->[com.google.firebase:firebase-auth:19.3.0] AndroidManifest.xml:33:9-39:19
73            android:name="com.google.firebase.components.ComponentDiscoveryService"
73-->[com.google.firebase:firebase-auth:19.3.0] AndroidManifest.xml:34:13-84
74            android:directBootAware="true"
74-->[com.google.firebase:firebase-common:19.3.0] AndroidManifest.xml:34:13-43
75            android:exported="false" >
75-->[com.google.firebase:firebase-auth:19.3.0] AndroidManifest.xml:35:13-37
76            <meta-data
76-->[com.google.firebase:firebase-auth:19.3.0] AndroidManifest.xml:36:13-38:85
77                android:name="com.google.firebase.components:com.google.firebase.auth.FirebaseAuthRegistrar"
77-->[com.google.firebase:firebase-auth:19.3.0] AndroidManifest.xml:37:17-109
78                android:value="com.google.firebase.components.ComponentRegistrar" />
78-->[com.google.firebase:firebase-auth:19.3.0] AndroidManifest.xml:38:17-82
79            <meta-data
79-->[com.google.firebase:firebase-database:19.2.1] AndroidManifest.xml:32:13-34:85
80                android:name="com.google.firebase.components:com.google.firebase.database.DatabaseRegistrar"
80-->[com.google.firebase:firebase-database:19.2.1] AndroidManifest.xml:33:17-109
81                android:value="com.google.firebase.components.ComponentRegistrar" />
81-->[com.google.firebase:firebase-database:19.2.1] AndroidManifest.xml:34:17-82
82            <meta-data
82-->[com.google.firebase:firebase-storage:19.1.1] AndroidManifest.xml:33:13-35:85
83                android:name="com.google.firebase.components:com.google.firebase.storage.StorageRegistrar"
83-->[com.google.firebase:firebase-storage:19.1.1] AndroidManifest.xml:34:17-107
84                android:value="com.google.firebase.components.ComponentRegistrar" />
84-->[com.google.firebase:firebase-storage:19.1.1] AndroidManifest.xml:35:17-82
85            <meta-data
85-->[com.google.firebase:firebase-messaging:20.1.5] AndroidManifest.xml:38:13-40:85
86                android:name="com.google.firebase.components:com.google.firebase.messaging.FirebaseMessagingRegistrar"
86-->[com.google.firebase:firebase-messaging:20.1.5] AndroidManifest.xml:39:17-119
87                android:value="com.google.firebase.components.ComponentRegistrar" />
87-->[com.google.firebase:firebase-messaging:20.1.5] AndroidManifest.xml:40:17-82
88            <meta-data
88-->[com.google.firebase:firebase-iid:20.1.5] AndroidManifest.xml:32:13-34:85
89                android:name="com.google.firebase.components:com.google.firebase.iid.Registrar"
89-->[com.google.firebase:firebase-iid:20.1.5] AndroidManifest.xml:33:17-96
90                android:value="com.google.firebase.components.ComponentRegistrar" />
90-->[com.google.firebase:firebase-iid:20.1.5] AndroidManifest.xml:34:17-82
91            <meta-data
91-->[com.google.firebase:firebase-datatransport:17.0.3] AndroidManifest.xml:28:13-30:85
92                android:name="com.google.firebase.components:com.google.firebase.datatransport.TransportRegistrar"
92-->[com.google.firebase:firebase-datatransport:17.0.3] AndroidManifest.xml:29:17-115
93                android:value="com.google.firebase.components.ComponentRegistrar" />
93-->[com.google.firebase:firebase-datatransport:17.0.3] AndroidManifest.xml:30:17-82
94            <meta-data
94-->[com.google.firebase:firebase-installations:16.2.1] AndroidManifest.xml:17:13-19:85
95                android:name="com.google.firebase.components:com.google.firebase.installations.FirebaseInstallationsRegistrar"
95-->[com.google.firebase:firebase-installations:16.2.1] AndroidManifest.xml:18:17-127
96                android:value="com.google.firebase.components.ComponentRegistrar" />
96-->[com.google.firebase:firebase-installations:16.2.1] AndroidManifest.xml:19:17-82
97        </service>
98        <!--
99             FirebaseMessagingService performs security checks at runtime,
100             but set to not exported to explicitly avoid allowing another app to call it.
101        -->
102        <service
102-->[com.google.firebase:firebase-messaging:20.1.5] AndroidManifest.xml:28:9-34:19
103            android:name="com.google.firebase.messaging.FirebaseMessagingService"
103-->[com.google.firebase:firebase-messaging:20.1.5] AndroidManifest.xml:29:13-82
104            android:exported="false" >
104-->[com.google.firebase:firebase-messaging:20.1.5] AndroidManifest.xml:30:13-37
105            <intent-filter android:priority="-500" >
105-->[com.google.firebase:firebase-messaging:20.1.5] AndroidManifest.xml:31:13-33:29
105-->[com.google.firebase:firebase-messaging:20.1.5] AndroidManifest.xml:31:28-51
106                <action android:name="com.google.firebase.MESSAGING_EVENT" />
106-->src\main\AndroidManifest.xml:36:17-78
106-->src\main\AndroidManifest.xml:36:25-75
107            </intent-filter>
108        </service>
109
110        <receiver
110-->[com.google.firebase:firebase-iid:20.1.5] AndroidManifest.xml:37:9-44:20
111            android:name="com.google.firebase.iid.FirebaseInstanceIdReceiver"
111-->[com.google.firebase:firebase-iid:20.1.5] AndroidManifest.xml:38:13-78
112            android:exported="true"
112-->[com.google.firebase:firebase-iid:20.1.5] AndroidManifest.xml:39:13-36
113            android:permission="com.google.android.c2dm.permission.SEND" >
113-->[com.google.firebase:firebase-iid:20.1.5] AndroidManifest.xml:40:13-73
114            <intent-filter>
114-->[com.google.firebase:firebase-iid:20.1.5] AndroidManifest.xml:41:13-43:29
115                <action android:name="com.google.android.c2dm.intent.RECEIVE" />
115-->[com.google.firebase:firebase-iid:20.1.5] AndroidManifest.xml:42:17-81
115-->[com.google.firebase:firebase-iid:20.1.5] AndroidManifest.xml:42:25-78
116            </intent-filter>
117        </receiver>
118
119        <activity
119-->[com.google.android.gms:play-services-base:17.1.0] AndroidManifest.xml:23:9-26:75
120            android:name="com.google.android.gms.common.api.GoogleApiActivity"
120-->[com.google.android.gms:play-services-base:17.1.0] AndroidManifest.xml:24:13-79
121            android:exported="false"
121-->[com.google.android.gms:play-services-base:17.1.0] AndroidManifest.xml:25:13-37
122            android:theme="@android:style/Theme.Translucent.NoTitleBar" />
122-->[com.google.android.gms:play-services-base:17.1.0] AndroidManifest.xml:26:13-72
123
124        <provider
124-->[com.google.firebase:firebase-common:19.3.0] AndroidManifest.xml:26:9-30:39
125            android:name="com.google.firebase.provider.FirebaseInitProvider"
125-->[com.google.firebase:firebase-common:19.3.0] AndroidManifest.xml:27:13-77
126            android:authorities="com.example.whatsapp.firebaseinitprovider"
126-->[com.google.firebase:firebase-common:19.3.0] AndroidManifest.xml:28:13-72
127            android:exported="false"
127-->[com.google.firebase:firebase-common:19.3.0] AndroidManifest.xml:29:13-37
128            android:initOrder="100" />
128-->[com.google.firebase:firebase-common:19.3.0] AndroidManifest.xml:30:13-36
129
130        <meta-data
130-->[com.google.android.gms:play-services-basement:17.0.0] AndroidManifest.xml:23:9-25:69
131            android:name="com.google.android.gms.version"
131-->[com.google.android.gms:play-services-basement:17.0.0] AndroidManifest.xml:24:13-58
132            android:value="@integer/google_play_services_version" />
132-->[com.google.android.gms:play-services-basement:17.0.0] AndroidManifest.xml:25:13-66
133
134        <service
134-->[com.google.android.datatransport:transport-backend-cct:2.2.0] AndroidManifest.xml:29:9-35:19
135            android:name="com.google.android.datatransport.runtime.backends.TransportBackendDiscovery"
135-->[com.google.android.datatransport:transport-backend-cct:2.2.0] AndroidManifest.xml:30:13-103
136            android:exported="false" >
136-->[com.google.android.datatransport:transport-backend-cct:2.2.0] AndroidManifest.xml:31:13-37
137            <meta-data
137-->[com.google.android.datatransport:transport-backend-cct:2.2.0] AndroidManifest.xml:32:13-34:39
138                android:name="backend:com.google.android.datatransport.cct.CctBackendFactory"
138-->[com.google.android.datatransport:transport-backend-cct:2.2.0] AndroidManifest.xml:33:17-94
139                android:value="cct" />
139-->[com.google.android.datatransport:transport-backend-cct:2.2.0] AndroidManifest.xml:34:17-36
140        </service>
141        <service
141-->[com.google.android.datatransport:transport-runtime:2.2.0] AndroidManifest.xml:26:9-30:19
142            android:name="com.google.android.datatransport.runtime.scheduling.jobscheduling.JobInfoSchedulerService"
142-->[com.google.android.datatransport:transport-runtime:2.2.0] AndroidManifest.xml:27:13-117
143            android:exported="false"
143-->[com.google.android.datatransport:transport-runtime:2.2.0] AndroidManifest.xml:28:13-37
144            android:permission="android.permission.BIND_JOB_SERVICE" >
144-->[com.google.android.datatransport:transport-runtime:2.2.0] AndroidManifest.xml:29:13-69
145        </service>
146
147        <receiver
147-->[com.google.android.datatransport:transport-runtime:2.2.0] AndroidManifest.xml:32:9-34:40
148            android:name="com.google.android.datatransport.runtime.scheduling.jobscheduling.AlarmManagerSchedulerBroadcastReceiver"
148-->[com.google.android.datatransport:transport-runtime:2.2.0] AndroidManifest.xml:33:13-132
149            android:exported="false" />
149-->[com.google.android.datatransport:transport-runtime:2.2.0] AndroidManifest.xml:34:13-37
150    </application>
151
152</manifest>